This file contains any messages produced by compilers while
running configure, to aid debugging if configure makes a mistake.

It was created by tstat configure 2.3, which was
generated by GNU Autoconf 2.67.  Invocation command line was

  $ ./configure 

## --------- ##
## Platform. ##
## --------- ##

hostname = probe
uname -m = x86_64
uname -r = 3.3.0-3-grml-amd64
uname -s = Linux
uname -v = #1 SMP Fri May 25 23:30:37 UTC 2012

/usr/bin/uname -p = unknown
/bin/uname -X     = unknown

/bin/arch              = unknown
/usr/bin/arch -k       = unknown
/usr/convex/getsysinfo = unknown
/usr/bin/hostinfo      = unknown
/bin/machine           = unknown
/usr/bin/oslevel       = unknown
/bin/universe          = unknown

PATH: /sbin
PATH: /bin
PATH: /usr/sbin
PATH: /usr/bin
PATH: /usr/X11R6/bin
PATH: /usr/local/sbin
PATH: /usr/local/bin
PATH: /usr/NX/bin


## ----------- ##
## Core tests. ##
## ----------- ##

configure:2537: checking for a BSD-compatible install
configure:2605: result: /usr/bin/install -c
configure:2616: checking whether build environment is sane
configure:2666: result: yes
configure:2807: checking for a thread-safe mkdir -p
configure:2846: result: /bin/mkdir -p
configure:2859: checking for gawk
configure:2875: found /usr/bin/gawk
configure:2886: result: gawk
configure:2897: checking whether make sets $(MAKE)
configure:2919: result: yes
configure:3078: checking for gcc
configure:3094: found /usr/bin/gcc
configure:3105: result: gcc
configure:3334: checking for C compiler version
configure:3343: gcc --version >&5
gcc (Debian 4.4.5-8) 4.4.5
Copyright (C) 2010 Free Software Foundation, Inc.
This is free software; see the source for copying conditions.  There is NO
warranty; not even for MERCHANTABILITY or FITNESS FOR A PARTICULAR PURPOSE.

configure:3354: $? = 0
configure:3343: gcc -v >&5
Using built-in specs.
Target: x86_64-linux-gnu
Configured with: ../src/configure -v --with-pkgversion='Debian 4.4.5-8' --with-bugurl=file:///usr/share/doc/gcc-4.4/README.Bugs --enable-languages=c,c++,fortran,objc,obj-c++ --prefix=/usr --program-suffix=-4.4 --enable-shared --enable-multiarch --enable-linker-build-id --with-system-zlib --libexecdir=/usr/lib --without-included-gettext --enable-threads=posix --with-gxx-include-dir=/usr/include/c++/4.4 --libdir=/usr/lib --enable-nls --enable-clocale=gnu --enable-libstdcxx-debug --enable-objc-gc --with-arch-32=i586 --with-tune=generic --enable-checking=release --build=x86_64-linux-gnu --host=x86_64-linux-gnu --target=x86_64-linux-gnu
Thread model: posix
gcc version 4.4.5 (Debian 4.4.5-8) 
configure:3354: $? = 0
configure:3343: gcc -V >&5
gcc: '-V' option must have argument
configure:3354: $? = 1
configure:3343: gcc -qversion >&5
gcc: unrecognized option '-qversion'
gcc: no input files
configure:3354: $? = 1
configure:3374: checking whether the C compiler works
configure:3396: gcc    conftest.c  >&5
configure:3400: $? = 0
configure:3448: result: yes
configure:3451: checking for C compiler default output file name
configure:3453: result: a.out
configure:3459: checking for suffix of executables
configure:3466: gcc -o conftest    conftest.c  >&5
configure:3470: $? = 0
configure:3492: result: 
configure:3514: checking whether we are cross compiling
configure:3522: gcc -o conftest    conftest.c  >&5
configure:3526: $? = 0
configure:3533: ./conftest
configure:3537: $? = 0
configure:3552: result: no
configure:3557: checking for suffix of object files
configure:3579: gcc -c   conftest.c >&5
configure:3583: $? = 0
configure:3604: result: o
configure:3608: checking whether we are using the GNU C compiler
configure:3627: gcc -c   conftest.c >&5
configure:3627: $? = 0
configure:3636: result: yes
configure:3645: checking whether gcc accepts -g
configure:3665: gcc -c -g  conftest.c >&5
configure:3665: $? = 0
configure:3706: result: yes
configure:3723: checking for gcc option to accept ISO C89
configure:3787: gcc  -c -g -O2  conftest.c >&5
configure:3787: $? = 0
configure:3800: result: none needed
configure:3831: checking for style of include used by make
configure:3859: result: GNU
configure:3884: checking dependency style of gcc
configure:3994: result: gcc3
configure:4038: checking build system type
configure:4052: result: x86_64-unknown-linux-gnu
configure:4072: checking host system type
configure:4085: result: x86_64-unknown-linux-gnu
configure:4105: checking for a sed that does not truncate output
configure:4169: result: /bin/sed
configure:4187: checking for grep that handles long lines and -e
configure:4245: result: /bin/grep
configure:4250: checking for egrep
configure:4312: result: /bin/grep -E
configure:4317: checking for fgrep
configure:4379: result: /bin/grep -F
configure:4414: checking for ld used by gcc
configure:4481: result: /usr/bin/ld
configure:4488: checking if the linker (/usr/bin/ld) is GNU ld
configure:4503: result: yes
configure:4515: checking for BSD- or MS-compatible name lister (nm)
configure:4564: result: /usr/bin/nm -B
configure:4682: checking the name lister (/usr/bin/nm -B) interface
configure:4689: gcc -c -g -O2  conftest.c >&5
configure:4692: /usr/bin/nm -B "conftest.o"
configure:4695: output
0000000000000000 B some_variable
configure:4702: result: BSD nm
configure:4705: checking whether ln -s works
configure:4709: result: yes
configure:4717: checking the maximum length of command line arguments
configure:4837: result: 1572864
configure:4854: checking whether the shell understands some XSI constructs
configure:4864: result: yes
configure:4868: checking whether the shell understands "+="
configure:4874: result: yes
configure:4909: checking for /usr/bin/ld option to reload object files
configure:4916: result: -r
configure:4985: checking for objdump
configure:5001: found /usr/bin/objdump
configure:5012: result: objdump
configure:5044: checking how to recognize dependent libraries
configure:5240: result: pass_all
configure:5300: checking for ar
configure:5316: found /usr/bin/ar
configure:5327: result: ar
configure:5405: checking for strip
configure:5421: found /usr/bin/strip
configure:5432: result: strip
configure:5504: checking for ranlib
configure:5520: found /usr/bin/ranlib
configure:5531: result: ranlib
configure:5621: checking command to parse /usr/bin/nm -B output from gcc object
configure:5739: gcc -c -g -O2  conftest.c >&5
configure:5742: $? = 0
configure:5746: /usr/bin/nm -B conftest.o \| sed -n -e 's/^.*[	 ]\([ABCDGIRSTW][ABCDGIRSTW]*\)[	 ][	 ]*\([_A-Za-z][_A-Za-z0-9]*\)$/\1 \2 \2/p' \> conftest.nm
configure:5749: $? = 0
configure:5803: gcc -o conftest -g -O2   conftest.c conftstm.o >&5
configure:5806: $? = 0
configure:5844: result: ok
configure:5940: gcc -c -g -O2  conftest.c >&5
configure:5943: $? = 0
configure:6653: checking how to run the C preprocessor
configure:6684: gcc -E  conftest.c
configure:6684: $? = 0
configure:6698: gcc -E  conftest.c
conftest.c:16:28: error: ac_nonexistent.h: No such file or directory
configure:6698: $? = 1
configure: failed program was:
| /* confdefs.h */
| #define PACKAGE_NAME "tstat"
| #define PACKAGE_TARNAME "tstat"
| #define PACKAGE_VERSION "2.3"
| #define PACKAGE_STRING "tstat 2.3"
| #define PACKAGE_BUGREPORT "<mellia@mail.tlc.polito.it> <maurizio.munafo@polito.it>"
| #define PACKAGE_URL ""
| #define PACKAGE "tstat"
| #define VERSION "2.3"
| #define VERSION_MAJOR 2
| #define VERSION_MINOR 3
| #define VERSION_BUGFIX 1
| #define VERSION_DATE "Mon Apr  2 11:01:18 CEST 2012"
| #define VERSION_FLAVOR "Spezi"
| /* end confdefs.h.  */
| #include <ac_nonexistent.h>
configure:6723: result: gcc -E
configure:6743: gcc -E  conftest.c
configure:6743: $? = 0
configure:6757: gcc -E  conftest.c
conftest.c:16:28: error: ac_nonexistent.h: No such file or directory
configure:6757: $? = 1
configure: failed program was:
| /* confdefs.h */
| #define PACKAGE_NAME "tstat"
| #define PACKAGE_TARNAME "tstat"
| #define PACKAGE_VERSION "2.3"
| #define PACKAGE_STRING "tstat 2.3"
| #define PACKAGE_BUGREPORT "<mellia@mail.tlc.polito.it> <maurizio.munafo@polito.it>"
| #define PACKAGE_URL ""
| #define PACKAGE "tstat"
| #define VERSION "2.3"
| #define VERSION_MAJOR 2
| #define VERSION_MINOR 3
| #define VERSION_BUGFIX 1
| #define VERSION_DATE "Mon Apr  2 11:01:18 CEST 2012"
| #define VERSION_FLAVOR "Spezi"
| /* end confdefs.h.  */
| #include <ac_nonexistent.h>
configure:6786: checking for ANSI C header files
configure:6806: gcc -c -g -O2  conftest.c >&5
configure:6806: $? = 0
configure:6879: gcc -o conftest -g -O2   conftest.c  >&5
configure:6879: $? = 0
configure:6879: ./conftest
configure:6879: $? = 0
configure:6890: result: yes
configure:6903: checking for sys/types.h
configure:6903: gcc -c -g -O2  conftest.c >&5
configure:6903: $? = 0
configure:6903: result: yes
configure:6903: checking for sys/stat.h
configure:6903: gcc -c -g -O2  conftest.c >&5
configure:6903: $? = 0
configure:6903: result: yes
configure:6903: checking for stdlib.h
configure:6903: gcc -c -g -O2  conftest.c >&5
configure:6903: $? = 0
configure:6903: result: yes
configure:6903: checking for string.h
configure:6903: gcc -c -g -O2  conftest.c >&5
configure:6903: $? = 0
configure:6903: result: yes
configure:6903: checking for memory.h
configure:6903: gcc -c -g -O2  conftest.c >&5
configure:6903: $? = 0
configure:6903: result: yes
configure:6903: checking for strings.h
configure:6903: gcc -c -g -O2  conftest.c >&5
configure:6903: $? = 0
configure:6903: result: yes
configure:6903: checking for inttypes.h
configure:6903: gcc -c -g -O2  conftest.c >&5
configure:6903: $? = 0
configure:6903: result: yes
configure:6903: checking for stdint.h
configure:6903: gcc -c -g -O2  conftest.c >&5
configure:6903: $? = 0
configure:6903: result: yes
configure:6903: checking for unistd.h
configure:6903: gcc -c -g -O2  conftest.c >&5
configure:6903: $? = 0
configure:6903: result: yes
configure:6917: checking for dlfcn.h
configure:6917: gcc -c -g -O2  conftest.c >&5
configure:6917: $? = 0
configure:6917: result: yes
configure:7101: checking for objdir
configure:7116: result: .libs
configure:7408: checking if gcc supports -fno-rtti -fno-exceptions
configure:7426: gcc -c -g -O2  -fno-rtti -fno-exceptions conftest.c >&5
cc1: warning: command line option "-fno-rtti" is valid for C++/ObjC++ but not for C
configure:7430: $? = 0
configure:7443: result: no
configure:7463: checking for gcc option to produce PIC
configure:7735: result: -fPIC -DPIC
configure:7747: checking if gcc PIC flag -fPIC -DPIC works
configure:7765: gcc -c -g -O2  -fPIC -DPIC -DPIC conftest.c >&5
configure:7769: $? = 0
configure:7782: result: yes
configure:7806: checking if gcc static flag -static works
configure:7834: result: yes
configure:7849: checking if gcc supports -c -o file.o
configure:7870: gcc -c -g -O2  -o out/conftest2.o conftest.c >&5
configure:7874: $? = 0
configure:7896: result: yes
configure:7904: checking if gcc supports -c -o file.o
configure:7951: result: yes
configure:7984: checking whether the gcc linker (/usr/bin/ld -m elf_x86_64) supports shared libraries
configure:8975: result: yes
configure:9012: checking whether -lc should be explicitly linked in
configure:9017: gcc -c -g -O2  conftest.c >&5
configure:9020: $? = 0
configure:9035: gcc -shared conftest.o  -v -Wl,-soname -Wl,conftest -o conftest 2\>\&1 \| /bin/grep  -lc  \>/dev/null 2\>\&1
configure:9038: $? = 0
configure:9050: result: no
configure:9214: checking dynamic linker characteristics
configure:9647: gcc -o conftest -g -O2   -Wl,-rpath -Wl,/foo conftest.c  >&5
configure:9647: $? = 0
configure:9877: result: GNU/Linux ld.so
configure:9979: checking how to hardcode library paths into programs
configure:10004: result: immediate
configure:10524: checking whether stripping libraries is possible
configure:10529: result: yes
configure:10564: checking if libtool supports shared libraries
configure:10566: result: yes
configure:10569: checking whether to build shared libraries
configure:10590: result: yes
configure:10593: checking whether to build static libraries
configure:10597: result: yes
configure:10632: checking whether make sets $(MAKE)
configure:10654: result: yes
configure:10670: checking size of unsigned long long int
configure:10675: gcc -o conftest -g -O2   conftest.c  >&5
configure:10675: $? = 0
configure:10675: ./conftest
configure:10675: $? = 0
configure:10689: result: 8
configure:10703: checking size of unsigned long int
configure:10708: gcc -o conftest -g -O2   conftest.c  >&5
configure:10708: $? = 0
configure:10708: ./conftest
configure:10708: $? = 0
configure:10722: result: 8
configure:10736: checking size of unsigned int
configure:10741: gcc -o conftest -g -O2   conftest.c  >&5
configure:10741: $? = 0
configure:10741: ./conftest
configure:10741: $? = 0
configure:10755: result: 4
configure:10769: checking size of unsigned short
configure:10774: gcc -o conftest -g -O2   conftest.c  >&5
configure:10774: $? = 0
configure:10774: ./conftest
configure:10774: $? = 0
configure:10788: result: 2
configure:10809: checking for fpurge
configure:10809: gcc -o conftest -g -O2   conftest.c  >&5
/tmp/ccTjn0TG.o: In function `main':
/root/tstat-2.3-buggy/conftest.c:66: undefined reference to `fpurge'
collect2: ld returned 1 exit status
configure:10809: $? = 1
configure: failed program was:
| /* confdefs.h */
| #define PACKAGE_NAME "tstat"
| #define PACKAGE_TARNAME "tstat"
| #define PACKAGE_VERSION "2.3"
| #define PACKAGE_STRING "tstat 2.3"
| #define PACKAGE_BUGREPORT "<mellia@mail.tlc.polito.it> <maurizio.munafo@polito.it>"
| #define PACKAGE_URL ""
| #define PACKAGE "tstat"
| #define VERSION "2.3"
| #define VERSION_MAJOR 2
| #define VERSION_MINOR 3
| #define VERSION_BUGFIX 1
| #define VERSION_DATE "Mon Apr  2 11:01:18 CEST 2012"
| #define VERSION_FLAVOR "Spezi"
| #define STDC_HEADERS 1
| #define HAVE_SYS_TYPES_H 1
| #define HAVE_SYS_STAT_H 1
| #define HAVE_STDLIB_H 1
| #define HAVE_STRING_H 1
| #define HAVE_MEMORY_H 1
| #define HAVE_STRINGS_H 1
| #define HAVE_INTTYPES_H 1
| #define HAVE_STDINT_H 1
| #define HAVE_UNISTD_H 1
| #define HAVE_DLFCN_H 1
| #define LT_OBJDIR ".libs/"
| #define SIZEOF_UNSIGNED_LONG_LONG_INT 8
| #define SIZEOF_UNSIGNED_LONG_INT 8
| #define SIZEOF_UNSIGNED_INT 4
| #define SIZEOF_UNSIGNED_SHORT 2
| /* end confdefs.h.  */
| /* Define fpurge to an innocuous variant, in case <limits.h> declares fpurge.
|    For example, HP-UX 11i <limits.h> declares gettimeofday.  */
| #define fpurge innocuous_fpurge
| 
| /* System header to define __stub macros and hopefully few prototypes,
|     which can conflict with char fpurge (); below.
|     Prefer <limits.h> to <assert.h> if __STDC__ is defined, since
|     <limits.h> exists even on freestanding compilers.  */
| 
| #ifdef __STDC__
| # include <limits.h>
| #else
| # include <assert.h>
| #endif
| 
| #undef fpurge
| 
| /* Override any GCC internal prototype to avoid an error.
|    Use char because int might match the return type of a GCC
|    builtin and then its argument prototype would still apply.  */
| #ifdef __cplusplus
| extern "C"
| #endif
| char fpurge ();
| /* The GNU C library defines this for functions which it implements
|     to always fail with ENOSYS.  Some functions are actually named
|     something starting with __ and the normal name is an alias.  */
| #if defined __stub_fpurge || defined __stub___fpurge
| choke me
| #endif
| 
| int
| main ()
| {
| return fpurge ();
|   ;
|   return 0;
| }
configure:10809: result: no
configure:10822: checking for mkstemp
configure:10822: gcc -o conftest -g -O2   conftest.c  >&5
configure:10822: $? = 0
configure:10822: result: yes
configure:10835: checking for inet_pton
configure:10835: gcc -o conftest -g -O2   conftest.c  >&5
configure:10835: $? = 0
configure:10835: result: yes
configure:10854: checking for log in -lm
configure:10879: gcc -o conftest -g -O2   conftest.c -lm   >&5
conftest.c:41: warning: conflicting types for built-in function 'log'
configure:10879: $? = 0
configure:10888: result: yes
configure:10901: checking for pthread_cond_init in -lpthread
configure:10926: gcc -o conftest -g -O2   conftest.c -lpthread  -lm  >&5
configure:10926: $? = 0
configure:10935: result: yes
configure:11020: checking pcap.h usability
configure:11020: gcc -c -g -O2  conftest.c >&5
configure:11020: $? = 0
configure:11020: result: yes
configure:11020: checking pcap.h presence
configure:11020: gcc -E  conftest.c
configure:11020: $? = 0
configure:11020: result: yes
configure:11020: checking for pcap.h
configure:11020: result: yes
configure:11034: checking net/bpf.h usability
configure:11034: gcc -c -g -O2  conftest.c >&5
conftest.c:70:21: error: net/bpf.h: No such file or directory
configure:11034: $? = 1
configure: failed program was:
| /* confdefs.h */
| #define PACKAGE_NAME "tstat"
| #define PACKAGE_TARNAME "tstat"
| #define PACKAGE_VERSION "2.3"
| #define PACKAGE_STRING "tstat 2.3"
| #define PACKAGE_BUGREPORT "<mellia@mail.tlc.polito.it> <maurizio.munafo@polito.it>"
| #define PACKAGE_URL ""
| #define PACKAGE "tstat"
| #define VERSION "2.3"
| #define VERSION_MAJOR 2
| #define VERSION_MINOR 3
| #define VERSION_BUGFIX 1
| #define VERSION_DATE "Mon Apr  2 11:01:18 CEST 2012"
| #define VERSION_FLAVOR "Spezi"
| #define STDC_HEADERS 1
| #define HAVE_SYS_TYPES_H 1
| #define HAVE_SYS_STAT_H 1
| #define HAVE_STDLIB_H 1
| #define HAVE_STRING_H 1
| #define HAVE_MEMORY_H 1
| #define HAVE_STRINGS_H 1
| #define HAVE_INTTYPES_H 1
| #define HAVE_STDINT_H 1
| #define HAVE_UNISTD_H 1
| #define HAVE_DLFCN_H 1
| #define LT_OBJDIR ".libs/"
| #define SIZEOF_UNSIGNED_LONG_LONG_INT 8
| #define SIZEOF_UNSIGNED_LONG_INT 8
| #define SIZEOF_UNSIGNED_INT 4
| #define SIZEOF_UNSIGNED_SHORT 2
| #define HAVE_MKSTEMP 1
| #define HAVE_INET_PTON 1
| #define HAVE_LIBM 1
| #define HAVE_LIBPTHREAD 1
| #define HAVE_PCAP_H 1
| /* end confdefs.h.  */
| #include <stdio.h>
| #ifdef HAVE_SYS_TYPES_H
| # include <sys/types.h>
| #endif
| #ifdef HAVE_SYS_STAT_H
| # include <sys/stat.h>
| #endif
| #ifdef STDC_HEADERS
| # include <stdlib.h>
| # include <stddef.h>
| #else
| # ifdef HAVE_STDLIB_H
| #  include <stdlib.h>
| # endif
| #endif
| #ifdef HAVE_STRING_H
| # if !defined STDC_HEADERS && defined HAVE_MEMORY_H
| #  include <memory.h>
| # endif
| # include <string.h>
| #endif
| #ifdef HAVE_STRINGS_H
| # include <strings.h>
| #endif
| #ifdef HAVE_INTTYPES_H
| # include <inttypes.h>
| #endif
| #ifdef HAVE_STDINT_H
| # include <stdint.h>
| #endif
| #ifdef HAVE_UNISTD_H
| # include <unistd.h>
| #endif
| #include <net/bpf.h>
configure:11034: result: no
configure:11034: checking net/bpf.h presence
configure:11034: gcc -E  conftest.c
conftest.c:37:21: error: net/bpf.h: No such file or directory
configure:11034: $? = 1
configure: failed program was:
| /* confdefs.h */
| #define PACKAGE_NAME "tstat"
| #define PACKAGE_TARNAME "tstat"
| #define PACKAGE_VERSION "2.3"
| #define PACKAGE_STRING "tstat 2.3"
| #define PACKAGE_BUGREPORT "<mellia@mail.tlc.polito.it> <maurizio.munafo@polito.it>"
| #define PACKAGE_URL ""
| #define PACKAGE "tstat"
| #define VERSION "2.3"
| #define VERSION_MAJOR 2
| #define VERSION_MINOR 3
| #define VERSION_BUGFIX 1
| #define VERSION_DATE "Mon Apr  2 11:01:18 CEST 2012"
| #define VERSION_FLAVOR "Spezi"
| #define STDC_HEADERS 1
| #define HAVE_SYS_TYPES_H 1
| #define HAVE_SYS_STAT_H 1
| #define HAVE_STDLIB_H 1
| #define HAVE_STRING_H 1
| #define HAVE_MEMORY_H 1
| #define HAVE_STRINGS_H 1
| #define HAVE_INTTYPES_H 1
| #define HAVE_STDINT_H 1
| #define HAVE_UNISTD_H 1
| #define HAVE_DLFCN_H 1
| #define LT_OBJDIR ".libs/"
| #define SIZEOF_UNSIGNED_LONG_LONG_INT 8
| #define SIZEOF_UNSIGNED_LONG_INT 8
| #define SIZEOF_UNSIGNED_INT 4
| #define SIZEOF_UNSIGNED_SHORT 2
| #define HAVE_MKSTEMP 1
| #define HAVE_INET_PTON 1
| #define HAVE_LIBM 1
| #define HAVE_LIBPTHREAD 1
| #define HAVE_PCAP_H 1
| /* end confdefs.h.  */
| #include <net/bpf.h>
configure:11034: result: no
configure:11034: checking for net/bpf.h
configure:11034: result: no
configure:11046: checking pcap-bpf.h usability
configure:11046: gcc -c -g -O2  conftest.c >&5
configure:11046: $? = 0
configure:11046: result: yes
configure:11046: checking pcap-bpf.h presence
configure:11046: gcc -E  conftest.c
configure:11046: $? = 0
configure:11046: result: yes
configure:11046: checking for pcap-bpf.h
configure:11046: result: yes
configure:11057: checking for pcap_open_live in -lpcap
configure:11082: gcc -o conftest -g -O2   conftest.c -lpcap  -lpthread -lm  >&5
configure:11082: $? = 0
configure:11091: result: yes
configure:11143: checking for rrd_init in -lrrd
configure:11168: gcc -o conftest -g -O2   conftest.c -lrrd  -lpcap -lpthread -lm  >&5
configure:11168: $? = 0
configure:11177: result: yes
configure:11182: checking rrd.h usability
configure:11182: gcc -c -g -O2  conftest.c >&5
configure:11182: $? = 0
configure:11182: result: yes
configure:11182: checking rrd.h presence
configure:11182: gcc -E  conftest.c
configure:11182: $? = 0
configure:11182: result: yes
configure:11182: checking for rrd.h
configure:11182: result: yes
configure:11205: checking for gzopen in -lz
configure:11230: gcc -o conftest -g -O2   conftest.c -lz  -lpcap -lpthread -lm  -lrrd >&5
configure:11230: $? = 0
configure:11239: result: yes
configure:11244: checking zlib.h usability
configure:11244: gcc -c -g -O2  conftest.c >&5
configure:11244: $? = 0
configure:11244: result: yes
configure:11244: checking zlib.h presence
configure:11244: gcc -E  conftest.c
configure:11244: $? = 0
configure:11244: result: yes
configure:11244: checking for zlib.h
configure:11244: result: yes
configure:11405: creating ./config.status

## ---------------------- ##
## Running config.status. ##
## ---------------------- ##

This file was extended by tstat config.status 2.3, which was
generated by GNU Autoconf 2.67.  Invocation command line was

  CONFIG_FILES    = 
  CONFIG_HEADERS  = 
  CONFIG_LINKS    = 
  CONFIG_COMMANDS = 
  $ ./config.status 

on probe

config.status:1099: creating Makefile
config.status:1099: creating tstat/Makefile
config.status:1099: creating libtstat/Makefile
config.status:1099: creating libtstat/libtstat.pc
config.status:1099: creating libtstat-demo/Makefile
config.status:1099: creating README
config.status:1099: creating NEWS
config.status:1099: creating config.h
config.status:1279: config.h is unchanged
config.status:1327: executing depfiles commands
config.status:1327: executing libtool commands

## ---------------- ##
## Cache variables. ##
## ---------------- ##

ac_cv_build=x86_64-unknown-linux-gnu
ac_cv_c_compiler_gnu=yes
ac_cv_env_CC_set=
ac_cv_env_CC_value=
ac_cv_env_CFLAGS_set=
ac_cv_env_CFLAGS_value=
ac_cv_env_CPPFLAGS_set=
ac_cv_env_CPPFLAGS_value=
ac_cv_env_CPP_set=
ac_cv_env_CPP_value=
ac_cv_env_LDFLAGS_set=
ac_cv_env_LDFLAGS_value=
ac_cv_env_LIBS_set=
ac_cv_env_LIBS_value=
ac_cv_env_build_alias_set=
ac_cv_env_build_alias_value=
ac_cv_env_host_alias_set=
ac_cv_env_host_alias_value=
ac_cv_env_target_alias_set=
ac_cv_env_target_alias_value=
ac_cv_func_fpurge=no
ac_cv_func_inet_pton=yes
ac_cv_func_mkstemp=yes
ac_cv_header_dlfcn_h=yes
ac_cv_header_inttypes_h=yes
ac_cv_header_memory_h=yes
ac_cv_header_net_bpf_h=no
ac_cv_header_pcap_bpf_h=yes
ac_cv_header_pcap_h=yes
ac_cv_header_rrd_h=yes
ac_cv_header_stdc=yes
ac_cv_header_stdint_h=yes
ac_cv_header_stdlib_h=yes
ac_cv_header_string_h=yes
ac_cv_header_strings_h=yes
ac_cv_header_sys_stat_h=yes
ac_cv_header_sys_types_h=yes
ac_cv_header_unistd_h=yes
ac_cv_header_zlib_h=yes
ac_cv_host=x86_64-unknown-linux-gnu
ac_cv_lib_m_log=yes
ac_cv_lib_pcap_pcap_open_live=yes
ac_cv_lib_pthread_pthread_cond_init=yes
ac_cv_lib_rrd_rrd_init=yes
ac_cv_lib_z_gzopen=yes
ac_cv_objext=o
ac_cv_path_EGREP='/bin/grep -E'
ac_cv_path_FGREP='/bin/grep -F'
ac_cv_path_GREP=/bin/grep
ac_cv_path_SED=/bin/sed
ac_cv_path_install='/usr/bin/install -c'
ac_cv_path_mkdir=/bin/mkdir
ac_cv_prog_AWK=gawk
ac_cv_prog_CPP='gcc -E'
ac_cv_prog_ac_ct_AR=ar
ac_cv_prog_ac_ct_CC=gcc
ac_cv_prog_ac_ct_OBJDUMP=objdump
ac_cv_prog_ac_ct_RANLIB=ranlib
ac_cv_prog_ac_ct_STRIP=strip
ac_cv_prog_cc_c89=
ac_cv_prog_cc_g=yes
ac_cv_prog_make_make_set=yes
ac_cv_sizeof_unsigned_int=4
ac_cv_sizeof_unsigned_long_int=8
ac_cv_sizeof_unsigned_long_long_int=8
ac_cv_sizeof_unsigned_short=2
am_cv_CC_dependencies_compiler_type=gcc3
lt_cv_deplibs_check_method=pass_all
lt_cv_file_magic_cmd='$MAGIC_CMD'
lt_cv_file_magic_test_file=
lt_cv_ld_reload_flag=-r
lt_cv_nm_interface='BSD nm'
lt_cv_objdir=.libs
lt_cv_path_LD=/usr/bin/ld
lt_cv_path_NM='/usr/bin/nm -B'
lt_cv_prog_compiler_c_o=yes
lt_cv_prog_compiler_pic_works=yes
lt_cv_prog_compiler_rtti_exceptions=no
lt_cv_prog_compiler_static_works=yes
lt_cv_prog_gnu_ld=yes
lt_cv_sys_global_symbol_pipe='sed -n -e '\''s/^.*[	 ]\([ABCDGIRSTW][ABCDGIRSTW]*\)[	 ][	 ]*\([_A-Za-z][_A-Za-z0-9]*\)$/\1 \2 \2/p'\'''
lt_cv_sys_global_symbol_to_c_name_address='sed -n -e '\''s/^: \([^ ]*\) $/  {\"\1\", (void *) 0},/p'\'' -e '\''s/^[ABCDGIRSTW]* \([^ ]*\) \([^ ]*\)$/  {"\2", (void *) \&\2},/p'\'''
lt_cv_sys_global_symbol_to_c_name_address_lib_prefix='sed -n -e '\''s/^: \([^ ]*\) $/  {\"\1\", (void *) 0},/p'\'' -e '\''s/^[ABCDGIRSTW]* \([^ ]*\) \(lib[^ ]*\)$/  {"\2", (void *) \&\2},/p'\'' -e '\''s/^[ABCDGIRSTW]* \([^ ]*\) \([^ ]*\)$/  {"lib\2", (void *) \&\2},/p'\'''
lt_cv_sys_global_symbol_to_cdecl='sed -n -e '\''s/^T .* \(.*\)$/extern int \1();/p'\'' -e '\''s/^[ABCDGIRSTW]* .* \(.*\)$/extern char \1;/p'\'''
lt_cv_sys_max_cmd_len=1572864

## ----------------- ##
## Output variables. ##
## ----------------- ##

ACLOCAL='${SHELL} /root/tstat-2.3-buggy/config/missing --run aclocal-1.11'
AMDEPBACKSLASH='\'
AMDEP_FALSE='#'
AMDEP_TRUE=''
AMTAR='${SHELL} /root/tstat-2.3-buggy/config/missing --run tar'
AR='ar'
AUTOCONF='${SHELL} /root/tstat-2.3-buggy/config/missing --run autoconf'
AUTOHEADER='${SHELL} /root/tstat-2.3-buggy/config/missing --run autoheader'
AUTOMAKE='${SHELL} /root/tstat-2.3-buggy/config/missing --run automake-1.11'
AWK='gawk'
CC='gcc'
CCDEPMODE='depmode=gcc3'
CFLAGS='-g -O2'
CPP='gcc -E'
CPPFLAGS=''
CYGPATH_W='echo'
DEFS='-DHAVE_CONFIG_H'
DEPDIR='.deps'
DSYMUTIL=''
DUMPBIN=''
ECHO_C=''
ECHO_N='-n'
ECHO_T=''
EGREP='/bin/grep -E'
EXEEXT=''
FGREP='/bin/grep -F'
GREP='/bin/grep'
INSTALL_DATA='${INSTALL} -m 644'
INSTALL_PROGRAM='${INSTALL}'
INSTALL_SCRIPT='${INSTALL}'
INSTALL_STRIP_PROGRAM='$(install_sh) -c -s'
LD='/usr/bin/ld -m elf_x86_64'
LDFLAGS=''
LIBOBJS=''
LIBS='-lpcap -lpthread -lm  -lrrd -lz'
LIBTOOL='$(SHELL) $(top_builddir)/libtool'
LIBTSTAT_FALSE=''
LIBTSTAT_TRUE='#'
LIBTSTAT_VERSION='1.0.0'
LIPO=''
LN_S='ln -s'
LTLIBOBJS=''
MAKEINFO='${SHELL} /root/tstat-2.3-buggy/config/missing --run makeinfo'
MKDIR_P='/bin/mkdir -p'
NM='/usr/bin/nm -B'
NMEDIT=''
OBJDUMP='objdump'
OBJEXT='o'
OTOOL64=''
OTOOL=''
PACKAGE='tstat'
PACKAGE_BUGREPORT='<mellia@mail.tlc.polito.it> <maurizio.munafo@polito.it>'
PACKAGE_NAME='tstat'
PACKAGE_STRING='tstat 2.3'
PACKAGE_TARNAME='tstat'
PACKAGE_URL=''
PACKAGE_VERSION='2.3'
PATH_SEPARATOR=':'
PCAP_LDLINK='-lpcap'
RANLIB='ranlib'
SED='/bin/sed'
SET_MAKE=''
SHELL='/bin/bash'
STRIP='strip'
VERSION='2.3'
V_CCOPT=''
V_DEFINES=' -D_BSD_SOURCE -DHAVE_RRDTOOL -DHAVE_ZLIB'
V_INCLS=''
ac_ct_CC='gcc'
ac_ct_DUMPBIN=''
am__EXEEXT_FALSE=''
am__EXEEXT_TRUE='#'
am__fastdepCC_FALSE='#'
am__fastdepCC_TRUE=''
am__include='include'
am__isrc=''
am__leading_dot='.'
am__quote=''
am__tar='${AMTAR} chof - "$$tardir"'
am__untar='${AMTAR} xf -'
bindir='${exec_prefix}/bin'
build='x86_64-unknown-linux-gnu'
build_alias=''
build_cpu='x86_64'
build_os='linux-gnu'
build_vendor='unknown'
datadir='${datarootdir}'
datarootdir='${prefix}/share'
docdir='${datarootdir}/doc/${PACKAGE_TARNAME}'
dvidir='${docdir}'
exec_prefix='${prefix}'
host='x86_64-unknown-linux-gnu'
host_alias=''
host_cpu='x86_64'
host_os='linux-gnu'
host_vendor='unknown'
htmldir='${docdir}'
includedir='${prefix}/include'
infodir='${datarootdir}/info'
install_sh='${SHELL} /root/tstat-2.3-buggy/config/install-sh'
libdir='${exec_prefix}/lib'
libexecdir='${exec_prefix}/libexec'
localedir='${datarootdir}/locale'
localstatedir='${prefix}/var'
lt_ECHO='echo'
mandir='${datarootdir}/man'
mkdir_p='/bin/mkdir -p'
oldincludedir='/usr/include'
pdfdir='${docdir}'
prefix='/usr/local'
program_transform_name='s,x,x,'
psdir='${docdir}'
sbindir='${exec_prefix}/sbin'
sharedstatedir='${prefix}/com'
sysconfdir='${prefix}/etc'
target_alias=''

## ----------- ##
## confdefs.h. ##
## ----------- ##

/* confdefs.h */
#define PACKAGE_NAME "tstat"
#define PACKAGE_TARNAME "tstat"
#define PACKAGE_VERSION "2.3"
#define PACKAGE_STRING "tstat 2.3"
#define PACKAGE_BUGREPORT "<mellia@mail.tlc.polito.it> <maurizio.munafo@polito.it>"
#define PACKAGE_URL ""
#define PACKAGE "tstat"
#define VERSION "2.3"
#define VERSION_MAJOR 2
#define VERSION_MINOR 3
#define VERSION_BUGFIX 1
#define VERSION_DATE "Mon Apr  2 11:01:18 CEST 2012"
#define VERSION_FLAVOR "Spezi"
#define STDC_HEADERS 1
#define HAVE_SYS_TYPES_H 1
#define HAVE_SYS_STAT_H 1
#define HAVE_STDLIB_H 1
#define HAVE_STRING_H 1
#define HAVE_MEMORY_H 1
#define HAVE_STRINGS_H 1
#define HAVE_INTTYPES_H 1
#define HAVE_STDINT_H 1
#define HAVE_UNISTD_H 1
#define HAVE_DLFCN_H 1
#define LT_OBJDIR ".libs/"
#define SIZEOF_UNSIGNED_LONG_LONG_INT 8
#define SIZEOF_UNSIGNED_LONG_INT 8
#define SIZEOF_UNSIGNED_INT 4
#define SIZEOF_UNSIGNED_SHORT 2
#define HAVE_MKSTEMP 1
#define HAVE_INET_PTON 1
#define HAVE_LIBM 1
#define HAVE_LIBPTHREAD 1
#define HAVE_PCAP_H 1
#define HAVE_PCAP_BPF_H 1
#define HAVE_LIBPCAP 1
#define HAVE_RRD_H 1
#define HAVE_ZLIB_H 1

configure: exit 0

## ---------------------- ##
## Running config.status. ##
## ---------------------- ##

This file was extended by tstat config.status 2.3, which was
generated by GNU Autoconf 2.67.  Invocation command line was

  CONFIG_FILES    = 
  CONFIG_HEADERS  = 
  CONFIG_LINKS    = 
  CONFIG_COMMANDS = 
  $ ./config.status tstat/Makefile depfiles

on probe

config.status:1099: creating tstat/Makefile
config.status:1327: executing depfiles commands
